<?xml version="1.0" encoding="UTF-8"?>
<!-- Generated by org.testng.reporters.JUnitReportReporter -->
<testsuite hostname="LAPTOP-3FF73V8C" name="AutenticationGetCall.AutenticationGetCall" tests="1" failures="0" timestamp="22 Jun 2020 07:25:48 GMT" time="2.356" errors="0">
  <testcase name="autenticationGetCall" time="2.356" classname="AutenticationGetCall.AutenticationGetCall"/>
</testsuite> <!-- AutenticationGetCall.AutenticationGetCall -->
