<?xml version="1.0" encoding="UTF-8"?>
<!-- Generated by org.testng.reporters.JUnitReportReporter -->
<testsuite hostname="LAPTOP-3FF73V8C" name="GetCallVerifyicationJson2.GetCallVerifcation" tests="1" failures="0" timestamp="25 Jun 2020 07:03:43 GMT" time="1.508" errors="0">
  <testcase name="testData" time="1.508" classname="GetCallVerifyicationJson2.GetCallVerifcation"/>
</testsuite> <!-- GetCallVerifyicationJson2.GetCallVerifcation -->
