<?xml version="1.0" encoding="UTF-8"?>
<!-- Generated by org.testng.reporters.JUnitReportReporter -->
<testsuite hostname="LAPTOP-3FF73V8C" name="RestAssuredPostCall.PostCall" tests="1" failures="0" timestamp="22 Jun 2020 12:59:30 GMT" time="3.724" errors="0">
  <testcase name="postCall1" time="3.724" classname="RestAssuredPostCall.PostCall"/>
</testsuite> <!-- RestAssuredPostCall.PostCall -->
