<?xml version="1.0" encoding="UTF-8"?>
<!-- Generated by org.testng.reporters.JUnitReportReporter -->
<testsuite hostname="LAPTOP-3FF73V8C" name="GetCallVerifyingJson.GetCallVerifyJson" tests="1" failures="0" timestamp="22 Jun 2020 05:48:49 GMT" time="3.501" errors="0">
  <testcase name="getCallJsonVerify" time="3.501" classname="GetCallVerifyingJson.GetCallVerifyJson"/>
</testsuite> <!-- GetCallVerifyingJson.GetCallVerifyJson -->
