<?xml version="1.0" encoding="UTF-8"?>
<!-- Generated by org.testng.reporters.JUnitReportReporter -->
<testsuite hostname="LAPTOP-3FF73V8C" name="RestAssuredPostCall.PostCall" tests="1" failures="0" timestamp="21 Jun 2020 14:39:06 GMT" time="3.528" errors="0">
  <testcase name="postCall1" time="3.528" classname="RestAssuredPostCall.PostCall"/>
</testsuite> <!-- RestAssuredPostCall.PostCall -->
