<?xml version="1.0" encoding="UTF-8"?>
<!-- Generated by org.testng.reporters.JUnitReportReporter -->
<testsuite hostname="LAPTOP-3FF73V8C" name="T02_PostCall.T2_PostCall" tests="3" failures="0" timestamp="22 Jun 2020 12:18:25 GMT" time="3.980" errors="0">
  <testcase name="postCall" time="0.803" classname="T02_PostCall.T2_PostCall"/>
  <testcase name="postCall" time="0.799" classname="T02_PostCall.T2_PostCall"/>
  <testcase name="postCall" time="2.378" classname="T02_PostCall.T2_PostCall"/>
</testsuite> <!-- T02_PostCall.T2_PostCall -->
