<?xml version="1.0" encoding="UTF-8"?>
<!-- Generated by org.testng.reporters.JUnitReportReporter -->
<testsuite hostname="LAPTOP-3FF73V8C" name="RestAssuredPractise.RestAssuredGetCall" tests="1" failures="0" timestamp="21 Jun 2020 15:05:48 GMT" time="3.833" errors="0">
  <testcase name="getCall" time="3.833" classname="RestAssuredPractise.RestAssuredGetCall"/>
</testsuite> <!-- RestAssuredPractise.RestAssuredGetCall -->
