<?xml version="1.0" encoding="UTF-8"?>
<!-- Generated by org.testng.reporters.JUnitReportReporter -->
<testsuite hostname="LAPTOP-3FF73V8C" name="RestAssuredPractise.RestAssuredGetCall" tests="1" failures="0" timestamp="21 Jun 2020 13:35:08 GMT" time="2.698" errors="0">
  <testcase name="getCall" time="2.698" classname="RestAssuredPractise.RestAssuredGetCall"/>
</testsuite> <!-- RestAssuredPractise.RestAssuredGetCall -->
